2018-12-28 05:56:15.191 WARN  11054 --- [ restartedMain ] o.s.b.a.o.j.JpaBaseConfiguration$JpaWebConfiguration$JpaWebMvcConfiguration - spring.jpa.open-in-view is enabled by default. Therefore, database queries may be performed during view rendering. Explicitly configure spring.jpa.open-in-view to disable this warning
2018-12-28 05:56:28.296 WARN  24159 --- [ http-nio-8080-exec-1 ] o.s.w.s.m.s.DefaultHandlerExceptionResolver - Resolved [org.springframework.http.converter.HttpMessageNotWritableException: No converter found for return value of type: class com.sopt.rescat.dto.MarkerListDto]
2018-12-28 06:46:12.883 WARN  10534 --- [ restartedMain ] o.s.b.a.o.j.JpaBaseConfiguration$JpaWebConfiguration$JpaWebMvcConfiguration - spring.jpa.open-in-view is enabled by default. Therefore, database queries may be performed during view rendering. Explicitly configure spring.jpa.open-in-view to disable this warning
2018-12-28 06:46:36.449 WARN  34100 --- [ http-nio-8080-exec-1 ] o.s.w.s.m.s.DefaultHandlerExceptionResolver - Resolved [org.springframework.http.converter.HttpMessageNotWritableException: No converter found for return value of type: class com.sopt.rescat.dto.MarkerListDto]
2018-12-28 06:47:51.306 WARN  8774 --- [ restartedMain ] o.s.b.a.o.j.JpaBaseConfiguration$JpaWebConfiguration$JpaWebMvcConfiguration - spring.jpa.open-in-view is enabled by default. Therefore, database queries may be performed during view rendering. Explicitly configure spring.jpa.open-in-view to disable this warning
2018-12-28 06:47:57.568 WARN  15036 --- [ http-nio-8080-exec-1 ] o.s.w.s.m.s.DefaultHandlerExceptionResolver - Resolved [org.springframework.http.converter.HttpMessageNotWritableException: No converter found for return value of type: class com.sopt.rescat.dto.MarkerListDto]
2018-12-28 06:51:41.268 WARN  8865 --- [ restartedMain ] o.s.b.a.o.j.JpaBaseConfiguration$JpaWebConfiguration$JpaWebMvcConfiguration - spring.jpa.open-in-view is enabled by default. Therefore, database queries may be performed during view rendering. Explicitly configure spring.jpa.open-in-view to disable this warning
2018-12-28 06:52:53.759 WARN  81356 --- [ http-nio-8080-exec-1 ] o.s.w.s.m.s.DefaultHandlerExceptionResolver - Resolved [org.springframework.http.converter.HttpMessageNotWritableException: No converter found for return value of type: class com.sopt.rescat.dto.MarkerListDto]
2018-12-28 07:01:04.419 WARN  8954 --- [ restartedMain ] o.s.b.a.o.j.JpaBaseConfiguration$JpaWebConfiguration$JpaWebMvcConfiguration - spring.jpa.open-in-view is enabled by default. Therefore, database queries may be performed during view rendering. Explicitly configure spring.jpa.open-in-view to disable this warning
2018-12-28 07:01:11.232 WARN  15767 --- [ http-nio-8080-exec-1 ] o.s.w.s.m.s.DefaultHandlerExceptionResolver - Resolved [org.springframework.http.converter.HttpMessageNotWritableException: No converter found for return value of type: class com.sopt.rescat.dto.MarkerListDto]
2018-12-28 07:02:28.095 WARN  9125 --- [ restartedMain ] o.s.b.a.o.j.JpaBaseConfiguration$JpaWebConfiguration$JpaWebMvcConfiguration - spring.jpa.open-in-view is enabled by default. Therefore, database queries may be performed during view rendering. Explicitly configure spring.jpa.open-in-view to disable this warning
2018-12-28 07:02:45.732 WARN  26762 --- [ http-nio-8080-exec-1 ] o.s.w.s.m.s.DefaultHandlerExceptionResolver - Resolved [org.springframework.http.converter.HttpMessageNotWritableException: No converter found for return value of type: class com.sopt.rescat.dto.MarkerListDto]
2018-12-28 07:15:24.121 WARN  785151 --- [ restartedMain ] o.s.b.a.o.j.JpaBaseConfiguration$JpaWebConfiguration$JpaWebMvcConfiguration - spring.jpa.open-in-view is enabled by default. Therefore, database queries may be performed during view rendering. Explicitly configure spring.jpa.open-in-view to disable this warning
2018-12-28 07:15:40.796 WARN  8906 --- [ restartedMain ] o.s.b.a.o.j.JpaBaseConfiguration$JpaWebConfiguration$JpaWebMvcConfiguration - spring.jpa.open-in-view is enabled by default. Therefore, database queries may be performed during view rendering. Explicitly configure spring.jpa.open-in-view to disable this warning
2018-12-28 07:15:47.018 WARN  15128 --- [ http-nio-8080-exec-1 ] o.s.w.s.m.s.DefaultHandlerExceptionResolver - Resolved [org.springframework.http.converter.HttpMessageNotWritableException: No converter found for return value of type: class com.sopt.rescat.dto.MarkerListDto]
2018-12-28 07:22:12.854 WARN  8724 --- [ restartedMain ] o.s.b.a.o.j.JpaBaseConfiguration$JpaWebConfiguration$JpaWebMvcConfiguration - spring.jpa.open-in-view is enabled by default. Therefore, database queries may be performed during view rendering. Explicitly configure spring.jpa.open-in-view to disable this warning
2018-12-28 07:25:08.445 WARN  9195 --- [ restartedMain ] o.s.b.a.o.j.JpaBaseConfiguration$JpaWebConfiguration$JpaWebMvcConfiguration - spring.jpa.open-in-view is enabled by default. Therefore, database queries may be performed during view rendering. Explicitly configure spring.jpa.open-in-view to disable this warning
2018-12-28 07:26:25.605 WARN  8960 --- [ restartedMain ] o.s.b.a.o.j.JpaBaseConfiguration$JpaWebConfiguration$JpaWebMvcConfiguration - spring.jpa.open-in-view is enabled by default. Therefore, database queries may be performed during view rendering. Explicitly configure spring.jpa.open-in-view to disable this warning
2018-12-28 07:42:38.009 WARN  8701 --- [ restartedMain ] o.s.b.a.o.j.JpaBaseConfiguration$JpaWebConfiguration$JpaWebMvcConfiguration - spring.jpa.open-in-view is enabled by default. Therefore, database queries may be performed during view rendering. Explicitly configure spring.jpa.open-in-view to disable this warning
2018-12-28 08:02:41.636 WARN  9177 --- [ restartedMain ] o.s.b.a.o.j.JpaBaseConfiguration$JpaWebConfiguration$JpaWebMvcConfiguration - spring.jpa.open-in-view is enabled by default. Therefore, database queries may be performed during view rendering. Explicitly configure spring.jpa.open-in-view to disable this warning
2018-12-28 10:53:22.332 WARN  10249873 --- [ HikariPool-1 housekeeper ] com.zaxxer.hikari.pool.HikariPool - HikariPool-1 - Thread starvation or clock leap detected (housekeeper delta=31m42s304ms).
2018-12-28 12:50:09.144 WARN  11016 --- [ restartedMain ] o.s.b.a.o.j.JpaBaseConfiguration$JpaWebConfiguration$JpaWebMvcConfiguration - spring.jpa.open-in-view is enabled by default. Therefore, database queries may be performed during view rendering. Explicitly configure spring.jpa.open-in-view to disable this warning
2018-12-28 12:57:59.892 WARN  10244 --- [ restartedMain ] o.s.b.a.o.j.JpaBaseConfiguration$JpaWebConfiguration$JpaWebMvcConfiguration - spring.jpa.open-in-view is enabled by default. Therefore, database queries may be performed during view rendering. Explicitly configure spring.jpa.open-in-view to disable this warning
2018-12-28 13:10:20.612 WARN  9476 --- [ restartedMain ] o.s.b.a.o.j.JpaBaseConfiguration$JpaWebConfiguration$JpaWebMvcConfiguration - spring.jpa.open-in-view is enabled by default. Therefore, database queries may be performed during view rendering. Explicitly configure spring.jpa.open-in-view to disable this warning
2018-12-28 13:18:28.232 WARN  9436 --- [ restartedMain ] o.s.b.a.o.j.JpaBaseConfiguration$JpaWebConfiguration$JpaWebMvcConfiguration - spring.jpa.open-in-view is enabled by default. Therefore, database queries may be performed during view rendering. Explicitly configure spring.jpa.open-in-view to disable this warning
2018-12-28 13:22:10.248 WARN  9769 --- [ restartedMain ] o.s.b.a.o.j.JpaBaseConfiguration$JpaWebConfiguration$JpaWebMvcConfiguration - spring.jpa.open-in-view is enabled by default. Therefore, database queries may be performed during view rendering. Explicitly configure spring.jpa.open-in-view to disable this warning
2018-12-28 13:26:23.654 WARN  9687 --- [ restartedMain ] o.s.b.a.o.j.JpaBaseConfiguration$JpaWebConfiguration$JpaWebMvcConfiguration - spring.jpa.open-in-view is enabled by default. Therefore, database queries may be performed during view rendering. Explicitly configure spring.jpa.open-in-view to disable this warning
2018-12-28 13:28:56.180 WARN  10477 --- [ restartedMain ] o.s.b.a.o.j.JpaBaseConfiguration$JpaWebConfiguration$JpaWebMvcConfiguration - spring.jpa.open-in-view is enabled by default. Therefore, database queries may be performed during view rendering. Explicitly configure spring.jpa.open-in-view to disable this warning
2018-12-28 13:30:40.154 WARN  9894 --- [ restartedMain ] o.s.b.a.o.j.JpaBaseConfiguration$JpaWebConfiguration$JpaWebMvcConfiguration - spring.jpa.open-in-view is enabled by default. Therefore, database queries may be performed during view rendering. Explicitly configure spring.jpa.open-in-view to disable this warning
2018-12-28 13:35:11.074 WARN  9258 --- [ restartedMain ] o.s.b.a.o.j.JpaBaseConfiguration$JpaWebConfiguration$JpaWebMvcConfiguration - spring.jpa.open-in-view is enabled by default. Therefore, database queries may be performed during view rendering. Explicitly configure spring.jpa.open-in-view to disable this warning
2018-12-28 13:37:01.635 WARN  9150 --- [ restartedMain ] o.s.b.a.o.j.JpaBaseConfiguration$JpaWebConfiguration$JpaWebMvcConfiguration - spring.jpa.open-in-view is enabled by default. Therefore, database queries may be performed during view rendering. Explicitly configure spring.jpa.open-in-view to disable this warning
2018-12-28 13:39:16.598 WARN  9552 --- [ restartedMain ] o.s.b.a.o.j.JpaBaseConfiguration$JpaWebConfiguration$JpaWebMvcConfiguration - spring.jpa.open-in-view is enabled by default. Therefore, database queries may be performed during view rendering. Explicitly configure spring.jpa.open-in-view to disable this warning
2018-12-28 13:41:02.181 WARN  9108 --- [ restartedMain ] o.s.b.a.o.j.JpaBaseConfiguration$JpaWebConfiguration$JpaWebMvcConfiguration - spring.jpa.open-in-view is enabled by default. Therefore, database queries may be performed during view rendering. Explicitly configure spring.jpa.open-in-view to disable this warning
2018-12-28 13:47:25.268 WARN  392195 --- [ http-nio-8080-exec-2 ] o.s.w.s.m.s.DefaultHandlerExceptionResolver - Resolved [org.springframework.web.HttpMediaTypeNotAcceptableException: Could not find acceptable representation]
2018-12-28 13:48:16.799 WARN  443726 --- [ http-nio-8080-exec-4 ] o.s.w.s.m.s.DefaultHandlerExceptionResolver - Resolved [org.springframework.web.HttpMediaTypeNotAcceptableException: Could not find acceptable representation]
2018-12-28 14:27:33.938 WARN  2800865 --- [ restartedMain ] o.s.b.a.o.j.JpaBaseConfiguration$JpaWebConfiguration$JpaWebMvcConfiguration - spring.jpa.open-in-view is enabled by default. Therefore, database queries may be performed during view rendering. Explicitly configure spring.jpa.open-in-view to disable this warning
2018-12-28 14:36:43.412 WARN  9867 --- [ restartedMain ] o.s.b.a.o.j.JpaBaseConfiguration$JpaWebConfiguration$JpaWebMvcConfiguration - spring.jpa.open-in-view is enabled by default. Therefore, database queries may be performed during view rendering. Explicitly configure spring.jpa.open-in-view to disable this warning
2018-12-28 14:38:53.134 WARN  9365 --- [ restartedMain ] o.s.b.a.o.j.JpaBaseConfiguration$JpaWebConfiguration$JpaWebMvcConfiguration - spring.jpa.open-in-view is enabled by default. Therefore, database queries may be performed during view rendering. Explicitly configure spring.jpa.open-in-view to disable this warning
2018-12-28 14:39:56.729 WARN  72960 --- [ http-nio-8080-exec-1 ] o.s.w.s.m.s.DefaultHandlerExceptionResolver - Resolved [org.springframework.web.multipart.support.MissingServletRequestPartException: Required request part 'mapRequestDto' is not present]
2018-12-28 14:41:49.681 WARN  9461 --- [ restartedMain ] o.s.b.a.o.j.JpaBaseConfiguration$JpaWebConfiguration$JpaWebMvcConfiguration - spring.jpa.open-in-view is enabled by default. Therefore, database queries may be performed during view rendering. Explicitly configure spring.jpa.open-in-view to disable this warning
2018-12-28 14:41:57.350 WARN  17130 --- [ http-nio-8080-exec-2 ] o.s.w.s.m.s.DefaultHandlerExceptionResolver - Resolved [org.springframework.web.HttpMediaTypeNotSupportedException: Content type 'multipart/form-data;boundary=--------------------------273028627200465961982576;charset=UTF-8' not supported]
2018-12-28 14:45:29.078 WARN  228858 --- [ http-nio-8080-exec-5 ] o.s.w.s.m.s.DefaultHandlerExceptionResolver - Resolved [org.springframework.web.HttpMediaTypeNotSupportedException: Content type 'multipart/form-data;boundary=--------------------------529157075535089860836648;charset=UTF-8' not supported]
2018-12-28 14:45:53.052 WARN  9361 --- [ restartedMain ] o.s.b.a.o.j.JpaBaseConfiguration$JpaWebConfiguration$JpaWebMvcConfiguration - spring.jpa.open-in-view is enabled by default. Therefore, database queries may be performed during view rendering. Explicitly configure spring.jpa.open-in-view to disable this warning
2018-12-28 14:52:47.461 WARN  9169 --- [ restartedMain ] o.s.b.a.o.j.JpaBaseConfiguration$JpaWebConfiguration$JpaWebMvcConfiguration - spring.jpa.open-in-view is enabled by default. Therefore, database queries may be performed during view rendering. Explicitly configure spring.jpa.open-in-view to disable this warning
2018-12-28 14:52:55.871 WARN  17579 --- [ http-nio-8080-exec-1 ] o.h.e.jdbc.spi.SqlExceptionHelper - SQL Error: 1364, SQLState: HY000
2018-12-28 14:56:53.593 WARN  9581 --- [ restartedMain ] o.s.b.a.o.j.JpaBaseConfiguration$JpaWebConfiguration$JpaWebMvcConfiguration - spring.jpa.open-in-view is enabled by default. Therefore, database queries may be performed during view rendering. Explicitly configure spring.jpa.open-in-view to disable this warning
2018-12-28 14:57:46.722 WARN  62710 --- [ http-nio-8080-exec-2 ] o.h.e.jdbc.spi.SqlExceptionHelper - SQL Error: 1364, SQLState: HY000
2018-12-28 14:58:25.529 WARN  101517 --- [ restartedMain ] o.s.b.a.o.j.JpaBaseConfiguration$JpaWebConfiguration$JpaWebMvcConfiguration - spring.jpa.open-in-view is enabled by default. Therefore, database queries may be performed during view rendering. Explicitly configure spring.jpa.open-in-view to disable this warning
2018-12-28 15:07:07.676 WARN  11232 --- [ restartedMain ] o.s.b.a.o.j.JpaBaseConfiguration$JpaWebConfiguration$JpaWebMvcConfiguration - spring.jpa.open-in-view is enabled by default. Therefore, database queries may be performed during view rendering. Explicitly configure spring.jpa.open-in-view to disable this warning
<<<<<<< HEAD
2018-12-28 16:23:30.218 WARN  11271 --- [ restartedMain ] o.s.b.a.o.j.JpaBaseConfiguration$JpaWebConfiguration$JpaWebMvcConfiguration - spring.jpa.open-in-view is enabled by default. Therefore, database queries may be performed during view rendering. Explicitly configure spring.jpa.open-in-view to disable this warning
=======
2018-12-28 16:41:20.006 WARN  11790 --- [ restartedMain ] o.s.b.a.o.j.JpaBaseConfiguration$JpaWebConfiguration$JpaWebMvcConfiguration - spring.jpa.open-in-view is enabled by default. Therefore, database queries may be performed during view rendering. Explicitly configure spring.jpa.open-in-view to disable this warning
2018-12-28 16:42:46.287 WARN  98071 --- [ http-nio-8080-exec-9 ] o.s.w.s.m.m.a.ExceptionHandlerExceptionResolver - Resolved [com.sopt.rescat.exception.FailureException: 문자 발송을 실패했습니다.]
2018-12-28 16:43:10.800 WARN  122584 --- [ http-nio-8080-exec-1 ] o.s.w.s.m.m.a.ExceptionHandlerExceptionResolver - Resolved [com.sopt.rescat.exception.FailureException: 문자 발송을 실패했습니다.]
2018-12-28 16:44:38.115 WARN  9445 --- [ restartedMain ] o.s.b.a.o.j.JpaBaseConfiguration$JpaWebConfiguration$JpaWebMvcConfiguration - spring.jpa.open-in-view is enabled by default. Therefore, database queries may be performed during view rendering. Explicitly configure spring.jpa.open-in-view to disable this warning
2018-12-28 16:44:45.463 WARN  16793 --- [ http-nio-8080-exec-1 ] o.s.w.s.m.m.a.ExceptionHandlerExceptionResolver - Resolved [com.sopt.rescat.exception.FailureException: 문자 발송을 실패했습니다.]
2018-12-28 16:45:26.875 WARN  11384 --- [ restartedMain ] o.s.b.a.o.j.JpaBaseConfiguration$JpaWebConfiguration$JpaWebMvcConfiguration - spring.jpa.open-in-view is enabled by default. Therefore, database queries may be performed during view rendering. Explicitly configure spring.jpa.open-in-view to disable this warning
2018-12-28 16:45:41.755 WARN  26264 --- [ http-nio-8080-exec-1 ] o.s.w.s.m.m.a.ExceptionHandlerExceptionResolver - Resolved [com.sopt.rescat.exception.FailureException: 문자 발송을 실패했습니다.]
2018-12-28 16:51:54.040 WARN  12755 --- [ restartedMain ] o.s.b.a.o.j.JpaBaseConfiguration$JpaWebConfiguration$JpaWebMvcConfiguration - spring.jpa.open-in-view is enabled by default. Therefore, database queries may be performed during view rendering. Explicitly configure spring.jpa.open-in-view to disable this warning
2018-12-28 16:52:38.137 WARN  56852 --- [ HikariPool-1 housekeeper ] com.zaxxer.hikari.pool.HikariPool - HikariPool-1 - Thread starvation or clock leap detected (housekeeper delta=49s65ms).
2018-12-28 16:52:38.192 WARN  56907 --- [ http-nio-8080-exec-1 ] o.s.w.s.m.m.a.ExceptionHandlerExceptionResolver - Resolved [com.sopt.rescat.exception.FailureException: 문자 발송을 실패했습니다.]
2018-12-28 16:53:42.779 WARN  11330 --- [ restartedMain ] o.s.b.a.o.j.JpaBaseConfiguration$JpaWebConfiguration$JpaWebMvcConfiguration - spring.jpa.open-in-view is enabled by default. Therefore, database queries may be performed during view rendering. Explicitly configure spring.jpa.open-in-view to disable this warning
2018-12-28 16:54:26.036 WARN  54587 --- [ HikariPool-1 housekeeper ] com.zaxxer.hikari.pool.HikariPool - HikariPool-1 - Thread starvation or clock leap detected (housekeeper delta=47s739ms).
2018-12-28 16:54:26.081 WARN  54632 --- [ http-nio-8080-exec-1 ] o.s.w.s.m.m.a.ExceptionHandlerExceptionResolver - Resolved [com.sopt.rescat.exception.FailureException: 문자 발송을 실패했습니다.]
2018-12-28 17:13:02.948 WARN  11235 --- [ restartedMain ] o.s.b.a.o.j.JpaBaseConfiguration$JpaWebConfiguration$JpaWebMvcConfiguration - spring.jpa.open-in-view is enabled by default. Therefore, database queries may be performed during view rendering. Explicitly configure spring.jpa.open-in-view to disable this warning
2018-12-28 17:13:07.508 WARN  15795 --- [ http-nio-8080-exec-1 ] o.s.w.s.m.m.a.ExceptionHandlerExceptionResolver - Resolved [com.sopt.rescat.exception.FailureException: 문자 발송을 실패했습니다.]
2018-12-28 17:14:08.889 WARN  9636 --- [ restartedMain ] o.s.b.a.o.j.JpaBaseConfiguration$JpaWebConfiguration$JpaWebMvcConfiguration - spring.jpa.open-in-view is enabled by default. Therefore, database queries may be performed during view rendering. Explicitly configure spring.jpa.open-in-view to disable this warning
2018-12-28 17:14:12.835 WARN  13582 --- [ http-nio-8080-exec-1 ] o.s.w.s.m.m.a.ExceptionHandlerExceptionResolver - Resolved [com.sopt.rescat.exception.FailureException: 문자 발송을 실패했습니다.]
2018-12-28 17:15:01.907 WARN  12025 --- [ restartedMain ] o.s.b.a.o.j.JpaBaseConfiguration$JpaWebConfiguration$JpaWebMvcConfiguration - spring.jpa.open-in-view is enabled by default. Therefore, database queries may be performed during view rendering. Explicitly configure spring.jpa.open-in-view to disable this warning
2018-12-28 17:16:50.502 WARN  120620 --- [ HikariPool-1 housekeeper ] com.zaxxer.hikari.pool.HikariPool - HikariPool-1 - Thread starvation or clock leap detected (housekeeper delta=1m52s889ms).
2018-12-28 17:16:50.713 WARN  120831 --- [ http-nio-8080-exec-1 ] o.s.w.s.m.m.a.ExceptionHandlerExceptionResolver - Resolved [com.sopt.rescat.exception.FailureException: 문자 발송을 실패했습니다.]
2018-12-28 17:17:17.287 WARN  10240 --- [ restartedMain ] o.s.b.a.o.j.JpaBaseConfiguration$JpaWebConfiguration$JpaWebMvcConfiguration - spring.jpa.open-in-view is enabled by default. Therefore, database queries may be performed during view rendering. Explicitly configure spring.jpa.open-in-view to disable this warning
2018-12-28 17:17:23.609 WARN  16562 --- [ http-nio-8080-exec-1 ] o.s.w.s.m.m.a.ExceptionHandlerExceptionResolver - Resolved [com.sopt.rescat.exception.FailureException: 문자 발송을 실패했습니다.]
2018-12-28 17:25:02.109 WARN  14409 --- [ restartedMain ] o.s.b.a.o.j.JpaBaseConfiguration$JpaWebConfiguration$JpaWebMvcConfiguration - spring.jpa.open-in-view is enabled by default. Therefore, database queries may be performed during view rendering. Explicitly configure spring.jpa.open-in-view to disable this warning
2018-12-28 17:25:54.411 WARN  66711 --- [ http-nio-8080-exec-1 ] o.s.w.s.m.m.a.ExceptionHandlerExceptionResolver - Resolved [com.sopt.rescat.exception.FailureException: 문자 발송을 실패했습니다.]
2018-12-28 17:26:54.826 WARN  11978 --- [ restartedMain ] o.s.b.a.o.j.JpaBaseConfiguration$JpaWebConfiguration$JpaWebMvcConfiguration - spring.jpa.open-in-view is enabled by default. Therefore, database queries may be performed during view rendering. Explicitly configure spring.jpa.open-in-view to disable this warning
2018-12-28 17:28:14.639 WARN  91791 --- [ HikariPool-1 housekeeper ] com.zaxxer.hikari.pool.HikariPool - HikariPool-1 - Thread starvation or clock leap detected (housekeeper delta=1m24s421ms).
2018-12-28 17:28:20.056 WARN  97208 --- [ http-nio-8080-exec-1 ] o.s.w.s.m.m.a.ExceptionHandlerExceptionResolver - Resolved [com.sopt.rescat.exception.FailureException: 문자 발송을 실패했습니다.]
2018-12-28 17:29:59.794 WARN  11527 --- [ restartedMain ] o.s.b.a.o.j.JpaBaseConfiguration$JpaWebConfiguration$JpaWebMvcConfiguration - spring.jpa.open-in-view is enabled by default. Therefore, database queries may be performed during view rendering. Explicitly configure spring.jpa.open-in-view to disable this warning
<<<<<<< HEAD
>>>>>>> 141e27f27ab3713d5706e2efbea0c9f3a770fee3
=======
2018-12-28 17:55:04.111 WARN  11108 --- [ restartedMain ] o.s.b.a.o.j.JpaBaseConfiguration$JpaWebConfiguration$JpaWebMvcConfiguration - spring.jpa.open-in-view is enabled by default. Therefore, database queries may be performed during view rendering. Explicitly configure spring.jpa.open-in-view to disable this warning
2018-12-28 18:09:00.067 WARN  9786 --- [ restartedMain ] o.s.b.a.o.j.JpaBaseConfiguration$JpaWebConfiguration$JpaWebMvcConfiguration - spring.jpa.open-in-view is enabled by default. Therefore, database queries may be performed during view rendering. Explicitly configure spring.jpa.open-in-view to disable this warning
2018-12-28 18:24:23.048 WARN  10377 --- [ restartedMain ] o.s.b.a.o.j.JpaBaseConfiguration$JpaWebConfiguration$JpaWebMvcConfiguration - spring.jpa.open-in-view is enabled by default. Therefore, database queries may be performed during view rendering. Explicitly configure spring.jpa.open-in-view to disable this warning
2018-12-28 18:25:05.483 WARN  11841 --- [ restartedMain ] o.s.b.a.o.j.JpaBaseConfiguration$JpaWebConfiguration$JpaWebMvcConfiguration - spring.jpa.open-in-view is enabled by default. Therefore, database queries may be performed during view rendering. Explicitly configure spring.jpa.open-in-view to disable this warning
2018-12-28 18:33:03.032 WARN  11692 --- [ restartedMain ] o.s.b.a.o.j.JpaBaseConfiguration$JpaWebConfiguration$JpaWebMvcConfiguration - spring.jpa.open-in-view is enabled by default. Therefore, database queries may be performed during view rendering. Explicitly configure spring.jpa.open-in-view to disable this warning
2018-12-28 18:45:33.445 WARN  11525 --- [ restartedMain ] o.s.b.a.o.j.JpaBaseConfiguration$JpaWebConfiguration$JpaWebMvcConfiguration - spring.jpa.open-in-view is enabled by default. Therefore, database queries may be performed during view rendering. Explicitly configure spring.jpa.open-in-view to disable this warning
2018-12-28 18:46:10.217 WARN  48297 --- [ http-nio-8080-exec-1 ] o.s.w.s.m.m.a.ExceptionHandlerExceptionResolver - Resolved [javax.validation.ConstraintViolationException: authenticatePhone.arg0: 핸드폰번호는 000-0000-0000 또는 00000000000 형식이어야 합니다.]
2018-12-28 18:46:28.423 WARN  11225 --- [ restartedMain ] o.s.b.a.o.j.JpaBaseConfiguration$JpaWebConfiguration$JpaWebMvcConfiguration - spring.jpa.open-in-view is enabled by default. Therefore, database queries may be performed during view rendering. Explicitly configure spring.jpa.open-in-view to disable this warning
2018-12-28 18:48:21.993 WARN  124795 --- [ HikariPool-1 housekeeper ] com.zaxxer.hikari.pool.HikariPool - HikariPool-1 - Thread starvation or clock leap detected (housekeeper delta=1m56s70ms).
2018-12-28 18:48:41.043 WARN  143845 --- [ http-nio-8080-exec-1 ] o.s.w.s.m.m.a.ExceptionHandlerExceptionResolver - Resolved [javax.validation.ConstraintViolationException: authenticatePhone.arg0: 핸드폰번호는 000-0000-0000 또는 00000000000 형식이어야 합니다.]
2018-12-28 18:57:53.818 WARN  11133 --- [ restartedMain ] o.s.b.a.o.j.JpaBaseConfiguration$JpaWebConfiguration$JpaWebMvcConfiguration - spring.jpa.open-in-view is enabled by default. Therefore, database queries may be performed during view rendering. Explicitly configure spring.jpa.open-in-view to disable this warning
2018-12-28 18:57:58.866 WARN  16181 --- [ http-nio-8080-exec-1 ] o.s.w.s.m.m.a.ExceptionHandlerExceptionResolver - Resolved [javax.validation.ConstraintViolationException: authenticatePhone.arg0: 핸드폰번호는 000-0000-0000 또는 00000000000 형식이어야 합니다.]
2018-12-28 19:49:43.197 WARN  3120512 --- [ HikariPool-1 housekeeper ] com.zaxxer.hikari.pool.HikariPool - HikariPool-1 - Thread starvation or clock leap detected (housekeeper delta=38m23s605ms).
2018-12-28 20:30:13.484 WARN  5550799 --- [ HikariPool-1 housekeeper ] com.zaxxer.hikari.pool.HikariPool - HikariPool-1 - Retrograde clock change detected (housekeeper delta=29s825ms), soft-evicting connections from pool.
2018-12-28 20:47:03.034 WARN  13387 --- [ restartedMain ] o.s.b.a.o.j.JpaBaseConfiguration$JpaWebConfiguration$JpaWebMvcConfiguration - spring.jpa.open-in-view is enabled by default. Therefore, database queries may be performed during view rendering. Explicitly configure spring.jpa.open-in-view to disable this warning
2018-12-28 20:48:43.330 WARN  80634 --- [ restartedMain ] o.s.b.a.o.j.JpaBaseConfiguration$JpaWebConfiguration$JpaWebMvcConfiguration - spring.jpa.open-in-view is enabled by default. Therefore, database queries may be performed during view rendering. Explicitly configure spring.jpa.open-in-view to disable this warning
2018-12-28 20:48:57.918 WARN  95222 --- [ http-nio-8080-exec-1 ] o.s.w.s.m.m.a.ExceptionHandlerExceptionResolver - Resolved [javax.validation.ConstraintViolationException: authenticatePhone.arg0: 핸드폰번호는 000-0000-0000 또는 00000000000 형식이어야 합니다.]
2018-12-28 20:49:57.886 WARN  20343 --- [ restartedMain ] o.s.b.a.o.j.JpaBaseConfiguration$JpaWebConfiguration$JpaWebMvcConfiguration - spring.jpa.open-in-view is enabled by default. Therefore, database queries may be performed during view rendering. Explicitly configure spring.jpa.open-in-view to disable this warning
>>>>>>> 2c81f27fa71269b85d698ea01b1779944e50c22a
